None of WRF_EM_CORE, WRF_NMM_CORE, 
        specified in shell environment.... 
 
Compiling: WRF_EM_CORE .
 
setting parallel make -j 2
make -i -r MODULE_DIRS="-I../dyn_em -I../dyn_nmm   -I/Users/guillaumesamson/WORK/CODES/WRF/DEBUG/WRFV331_branch/external/esmf_time_f90  -I/Users/guillaumesamson/WORK/CODES/WRF/DEBUG/WRFV331_branch/main -I/Users/guillaumesamson/WORK/CODES/WRF/DEBUG/WRFV331_branch/external/io_netcdf -I/Users/guillaumesamson/WORK/CODES/WRF/DEBUG/WRFV331_branch/external/io_int -I/Users/guillaumesamson/WORK/CODES/WRF/DEBUG/WRFV331_branch/frame -I/Users/guillaumesamson/WORK/CODES/WRF/DEBUG/WRFV331_branch/share -I/Users/guillaumesamson/WORK/CODES/WRF/DEBUG/WRFV331_branch/phys -I/Users/guillaumesamson/WORK/CODES/WRF/DEBUG/WRFV331_branch/chem -I/Users/guillaumesamson/WORK/CODES/WRF/DEBUG/WRFV331_branch/inc -I/opt/local//include " ext
--------------------------------------
( cd frame ; make -i -r externals )
( cd /Users/guillaumesamson/WORK/CODES/WRF/DEBUG/WRFV331_branch/external/ioapi_share ; \
          make -i -r NATIVE_RWORDSIZE="4" RWORDSIZE="4" AR="ar" ARFLAGS="ru" )
make[3]: Nothing to be done for `all'.
( cd /Users/guillaumesamson/WORK/CODES/WRF/DEBUG/WRFV331_branch/external/io_grib_share ; \
          make CC="gcc" CFLAGS="-w -O3 -c -DLANDREAD_STUB -DMACOS -DMAX_HISTORY=25" RM="rm -f" RANLIB="ranlib" CPP="cpp -C -P -xassembler-with-cpp" \
          FC="gfortran  -I.  -w -ffree-form -ffree-line-length-none -fconvert=big-endian -frecord-marker=4  " TRADFLAG="-traditional" AR="ar" ARFLAGS="ru" archive) 
ar ru ./libio_grib_share.a io_grib_share.o get_region_center.o gridnav.o open_file.o
ranlib ./libio_grib_share.a
( cd /Users/guillaumesamson/WORK/CODES/WRF/DEBUG/WRFV331_branch/external/io_grib1 ; \
          make CC="gcc" CFLAGS="-w -O3 -c -DLANDREAD_STUB -DMACOS -DMAX_HISTORY=25" RM="rm -f" RANLIB="ranlib" CPP="cpp -C -P -xassembler-with-cpp" \
          FC="gfortran  -I.  -w -ffree-form -ffree-line-length-none -fconvert=big-endian -frecord-marker=4  " TRADFLAG="-traditional" AR="ar" ARFLAGS="ru" archive)
        Doing make archive on library subdirectory MEL_grib1
ar ru ../libio_grib1.a FTP_getfile.o apply_bitmap.o display_gribhdr.o gbyte.o grib_dec.o grib_enc.o grib_seek.o gribgetbds.o gribgetbms.o gribgetgds.o gribgetpds.o gribhdr2file.o gribputbds.o gribputgds.o gribputpds.o hdr_print.o init_dec_struct.o init_enc_struct.o init_gribhdr.o init_struct.o ld_dec_lookup.o ld_enc_input.o ld_enc_lookup.o ld_grib_origctrs.o make_default_grbfn.o make_grib_log.o map_lvl.o map_parm.o pack_spatial.o prt_inp_struct.o upd_child_errmsg.o prt_badmsg.o swap.o grib_uthin.o set_bytes.o
ranlib ../libio_grib1.a
        Doing make archive on library subdirectory grib1_util
ar ru ../libio_grib1.a alloc_2d.o read_grib.o write_grib.o
ranlib ../libio_grib1.a
        Doing make archive on library subdirectory WGRIB
make[4]: Nothing to be done for `archive'.
ar ru ./libio_grib1.a grib1_routines.o gribmap.o io_grib1.o trim.o
ranlib ./libio_grib1.a
( cd /Users/guillaumesamson/WORK/CODES/WRF/DEBUG/WRFV331_branch/external/io_int ; \
          make CC="gcc -DFSEEKO_OK " RM="rm -f" RANLIB="ranlib" CPP="cpp -C -P -xassembler-with-cpp" \
          FC="gfortran   -w -ffree-form -ffree-line-length-none -fconvert=big-endian -frecord-marker=4 " FGREP="fgrep -iq" \
          TRADFLAG="-traditional" AR="ar" ARFLAGS="ru" ARCHFLAGS="-DEM_CORE=1 -DNMM_CORE=0 -DNMM_MAX_DIM=2600 -DCOAMPS_CORE=0 -DDA_CORE=0 -DEXP_CORE=0 -DIWORDSIZE=4 -DDWORDSIZE=8 -DRWORDSIZE=4 -DLWORDSIZE=4 -DNONSTANDARD_SYSTEM_SUBR -DMACOS  -DNETCDF -DUSE_ALLOCATABLES -DGRIB1 -DINTIO -DLIMIT_ARGS -DCONFIG_BUF_LEN=32768 -DMAX_DOMAINS_F=21 -DMAX_HISTORY=25 -DNMM_NEST=0" all )
make[3]: Nothing to be done for `all'.
( cd /Users/guillaumesamson/WORK/CODES/WRF/DEBUG/WRFV331_branch/external/esmf_time_f90 ; \
          make FC="gfortran   -w -ffree-form -ffree-line-length-none -fconvert=big-endian -frecord-marker=4 " RANLIB="ranlib" \
          CPP="cpp -C -P -xassembler-with-cpp -I/Users/guillaumesamson/WORK/CODES/WRF/DEBUG/WRFV331_branch/inc -I. -DEM_CORE=1 -DNMM_CORE=0 -DNMM_MAX_DIM=2600 -DCOAMPS_CORE=0 -DDA_CORE=0 -DEXP_CORE=0 -DIWORDSIZE=4 -DDWORDSIZE=8 -DRWORDSIZE=4 -DLWORDSIZE=4 -DNONSTANDARD_SYSTEM_SUBR -DMACOS  -DNETCDF -DUSE_ALLOCATABLES -DGRIB1 -DINTIO -DLIMIT_ARGS -DCONFIG_BUF_LEN=32768 -DMAX_DOMAINS_F=21 -DMAX_HISTORY=25 -DNMM_NEST=0 -traditional" AR="ar" ARFLAGS="ru" )
make[3]: Nothing to be done for `default'.
( cd /Users/guillaumesamson/WORK/CODES/WRF/DEBUG/WRFV331_branch/external/fftpack/fftpack5 ; \
          make FC="gfortran" FFLAGS="  -w -ffree-form -ffree-line-length-none -fconvert=big-endian -frecord-marker=4 " RANLIB="ranlib" AR="ar" ARFLAGS="ru" )
ar ru libfftpack.a c1f2kb.o c1f2kf.o c1f3kb.o c1f3kf.o c1f4kb.o c1f4kf.o c1f5kb.o c1f5kf.o c1fgkb.o c1fgkf.o c1fm1b.o c1fm1f.o cfft1b.o cfft1f.o cfft1i.o cfft2b.o cfft2f.o cfft2i.o cfftmb.o cfftmf.o cfftmi.o cmf2kb.o cmf2kf.o cmf3kb.o cmf3kf.o cmf4kb.o cmf4kf.o cmf5kb.o cmf5kf.o cmfgkb.o cmfgkf.o cmfm1b.o cmfm1f.o cosq1b.o cosq1f.o cosq1i.o cosqb1.o cosqf1.o cosqmb.o cosqmf.o cosqmi.o cost1b.o cost1f.o cost1i.o costb1.o costf1.o costmb.o costmf.o costmi.o factor.o mcfti1.o mcsqb1.o mcsqf1.o mcstb1.o mcstf1.o mradb2.o mradb3.o mradb4.o mradb5.o mradbg.o mradf2.o mradf3.o mradf4.o mradf5.o mradfg.o mrftb1.o mrftf1.o mrfti1.o msntb1.o msntf1.o r1f2kb.o r1f2kf.o r1f3kb.o r1f3kf.o r1f4kb.o r1f4kf.o r1f5kb.o r1f5kf.o r1fgkb.o r1fgkf.o rfft1b.o rfft1f.o rfft1i.o rfft2b.o rfft2f.o rfft2i.o rfftb1.o rfftf1.o rffti1.o rfftmb.o rfftmf.o rfftmi.o sinq1b.o sinq1f.o sinq1i.o sinqmb.o sinqmf.o sinqmi.o sint1b.o sint1f.o sint1i.o sintb1.o sintf1.o sintmb.o sintmf.o sintmi.o tables.o xercon.o xerfft.o
ranlib libfftpack.a
( cd /Users/guillaumesamson/WORK/CODES/WRF/DEBUG/WRFV331_branch/external/io_netcdf ; \
          make NETCDFPATH="/opt/local/" RANLIB="ranlib" CPP="cpp -C -P -xassembler-with-cpp" \
          CC="gcc" CFLAGS="-w -O3 -c -DLANDREAD_STUB -DMACOS -DMAX_HISTORY=25" \
          FC="gfortran  -O3 -ftree-vectorize -funroll-loops  -w -ffree-form -ffree-line-length-none -fconvert=big-endian -frecord-marker=4 " TRADFLAG="-traditional" AR="ar" ARFLAGS="ru" )
make[3]: Nothing to be done for `all'.
( /bin/rm -f /Users/guillaumesamson/WORK/CODES/WRF/DEBUG/WRFV331_branch/tools/gen_comms.c )
( if [ ! -e module_dm.F ] ; then /bin/cp module_dm_warning module_dm.F ; cat module_dm_stubs.F >> module_dm.F ; fi )
make -i -r MODULE_DIRS="-I../dyn_em -I../dyn_nmm   -I/Users/guillaumesamson/WORK/CODES/WRF/DEBUG/WRFV331_branch/external/esmf_time_f90  -I/Users/guillaumesamson/WORK/CODES/WRF/DEBUG/WRFV331_branch/main -I/Users/guillaumesamson/WORK/CODES/WRF/DEBUG/WRFV331_branch/external/io_netcdf -I/Users/guillaumesamson/WORK/CODES/WRF/DEBUG/WRFV331_branch/external/io_int -I/Users/guillaumesamson/WORK/CODES/WRF/DEBUG/WRFV331_branch/frame -I/Users/guillaumesamson/WORK/CODES/WRF/DEBUG/WRFV331_branch/share -I/Users/guillaumesamson/WORK/CODES/WRF/DEBUG/WRFV331_branch/phys -I/Users/guillaumesamson/WORK/CODES/WRF/DEBUG/WRFV331_branch/chem -I/Users/guillaumesamson/WORK/CODES/WRF/DEBUG/WRFV331_branch/inc -I/opt/local//include " toolsdir
--------------------------------------
( cd tools ; make -i -r CC_TOOLS="gcc  -DIWORDSIZE=4 -DMAX_HISTORY=25" )
/bin/cp gen_comms.stub gen_comms.c
gcc  -DIWORDSIZE=4 -DMAX_HISTORY=25  -c -g  gen_comms.c
gcc  -DIWORDSIZE=4 -DMAX_HISTORY=25 -o registry -g   registry.o my_strtok.o reg_parse.o data.o type.o misc.o gen_defs.o gen_allocs.o gen_mod_state_descr.o gen_scalar_indices.o gen_args.o gen_config.o sym.o symtab_gen.o gen_model_data_ord.o gen_interp.o gen_comms.o gen_scalar_derefs.o set_dim_strs.o gen_wrf_io.o gen_streams.o
/bin/rm -f main/libwrflib.a main/libwrflib.lib
make -i -r MODULE_DIRS="-I../dyn_em -I../dyn_nmm   -I/Users/guillaumesamson/WORK/CODES/WRF/DEBUG/WRFV331_branch/external/esmf_time_f90  -I/Users/guillaumesamson/WORK/CODES/WRF/DEBUG/WRFV331_branch/main -I/Users/guillaumesamson/WORK/CODES/WRF/DEBUG/WRFV331_branch/external/io_netcdf -I/Users/guillaumesamson/WORK/CODES/WRF/DEBUG/WRFV331_branch/external/io_int -I/Users/guillaumesamson/WORK/CODES/WRF/DEBUG/WRFV331_branch/frame -I/Users/guillaumesamson/WORK/CODES/WRF/DEBUG/WRFV331_branch/share -I/Users/guillaumesamson/WORK/CODES/WRF/DEBUG/WRFV331_branch/phys -I/Users/guillaumesamson/WORK/CODES/WRF/DEBUG/WRFV331_branch/chem -I/Users/guillaumesamson/WORK/CODES/WRF/DEBUG/WRFV331_branch/inc -I/opt/local//include " framework
--------------------------------------
( cd frame ; make -i -r -j 2 framework; \
          cd ../external/io_netcdf ; \
          make -i -r NETCDFPATH="/opt/local/" FC="gfortran -w -ffree-form -ffree-line-length-none -fconvert=big-endian -frecord-marker=4 " RANLIB="ranlib" \
               CPP="cpp -C -P -xassembler-with-cpp" LDFLAGS=" -O3 -ftree-vectorize -funroll-loops  -w -ffree-form -ffree-line-length-none -fconvert=big-endian -frecord-marker=4   " TRADFLAG="-traditional" ESMF_IO_LIB_EXT="-L/Users/guillaumesamson/WORK/CODES/WRF/DEBUG/WRFV331_branch/external/esmf_time_f90 -lesmf_time" \
               ESMF_MOD_DEPENDENCE="/Users/guillaumesamson/WORK/CODES/WRF/DEBUG/WRFV331_branch/external/esmf_time_f90/module_utility.o" AR="INTERNAL_BUILD_ERROR_SHOULD_NOT_NEED_AR" diffwrf; \
          cd ../io_int ; \
          make -i -r SFC="gfortran -w -ffree-form -ffree-line-length-none -fconvert=big-endian -frecord-marker=4 " FC="gfortran -w -ffree-form -ffree-line-length-none -fconvert=big-endian -frecord-marker=4 " RANLIB="ranlib" CPP="cpp -C -P -xassembler-with-cpp" \
               TRADFLAG="-traditional" ESMF_IO_LIB_EXT="-L/Users/guillaumesamson/WORK/CODES/WRF/DEBUG/WRFV331_branch/external/esmf_time_f90 -lesmf_time" \
               ESMF_MOD_DEPENDENCE="/Users/guillaumesamson/WORK/CODES/WRF/DEBUG/WRFV331_branch/external/esmf_time_f90/module_utility.o" AR="INTERNAL_BUILD_ERROR_SHOULD_NOT_NEED_AR" diffwrf ; \
          cd ../../frame )
ar ru ../main/libwrflib.a module_driver_constants.o module_domain_type.o module_streams.o module_domain.o module_integrate.o module_timing.o module_configure.o module_tiles.o module_machine.o module_nesting.o module_wrf_error.o module_state_description.o module_sm.o module_io.o module_comm_dm.o module_comm_dm_0.o module_comm_dm_1.o module_comm_dm_2.o module_comm_dm_3.o module_comm_dm_4.o module_comm_nesting_dm.o module_dm.o module_quilt_outbuf_ops.o module_io_quilt.o wrf_num_bytes_between.o wrf_shutdown.o wrf_debug.o libmassv.o collect_on_comm.o nl_get_0_routines.o nl_get_1_routines.o nl_get_2_routines.o nl_get_3_routines.o nl_get_4_routines.o nl_get_5_routines.o nl_get_6_routines.o nl_get_7_routines.o nl_set_0_routines.o nl_set_1_routines.o nl_set_2_routines.o nl_set_3_routines.o nl_set_4_routines.o nl_set_5_routines.o nl_set_6_routines.o nl_set_7_routines.o  module_alloc_space_0.o module_alloc_space_1.o module_alloc_space_2.o module_alloc_space_3.o module_alloc_space_4.o module_alloc_space_5.o module_alloc_space_6.o module_alloc_space_7.o module_alloc_space_8.o module_alloc_space_9.o
ar: creating archive ../main/libwrflib.a
/opt/local/bin/ranlib: file: ../main/libwrflib.a(module_comm_dm_4.o) has no symbols
ranlib ../main/libwrflib.a
ranlib: file: ../main/libwrflib.a(module_comm_dm_4.o) has no symbols
make[2]: `diffwrf' is up to date.
make[2]: `diffwrf' is up to date.
make -i -r MODULE_DIRS="-I../dyn_em -I../dyn_nmm   -I/Users/guillaumesamson/WORK/CODES/WRF/DEBUG/WRFV331_branch/external/esmf_time_f90  -I/Users/guillaumesamson/WORK/CODES/WRF/DEBUG/WRFV331_branch/main -I/Users/guillaumesamson/WORK/CODES/WRF/DEBUG/WRFV331_branch/external/io_netcdf -I/Users/guillaumesamson/WORK/CODES/WRF/DEBUG/WRFV331_branch/external/io_int -I/Users/guillaumesamson/WORK/CODES/WRF/DEBUG/WRFV331_branch/frame -I/Users/guillaumesamson/WORK/CODES/WRF/DEBUG/WRFV331_branch/share -I/Users/guillaumesamson/WORK/CODES/WRF/DEBUG/WRFV331_branch/phys -I/Users/guillaumesamson/WORK/CODES/WRF/DEBUG/WRFV331_branch/chem -I/Users/guillaumesamson/WORK/CODES/WRF/DEBUG/WRFV331_branch/inc -I/opt/local//include " shared
--------------------------------------
( cd share ; make -i -r -j 2 )
if [ 0 -eq 1 ] ; then \
                  make -i -r nmm_contrib                                      ; \
                  ar ru ../main/libwrflib.a module_bc.o module_bc_time_utilities.o module_io_wrf.o module_date_time.o module_get_file_names.o module_io_domain.o module_model_constants.o module_MPP.o module_optional_input.o module_compute_geop.o module_soil_pre.o module_check_a_mundo.o module_llxy.o dfi.o mediation_integrate.o mediation_interp_domain.o mediation_force_domain.o mediation_feedback_domain.o mediation_nest_move.o mediation_wrfmain.o solve_interface.o start_domain.o init_modules.o set_timekeeping.o interp_fcn.o sint.o input_wrf.o output_wrf.o wrf_timeseries.o wrf_ext_write_field.o wrf_ext_read_field.o wrf_bdyout.o wrf_fddaobs_in.o wrf_bdyin.o wrf_tsin.o landread.o setfeenv.o   ; \
                  else                                                         \
                  ar ru ../main/libwrflib.a module_bc.o module_bc_time_utilities.o module_io_wrf.o module_date_time.o module_get_file_names.o module_io_domain.o module_model_constants.o module_MPP.o module_optional_input.o module_compute_geop.o module_soil_pre.o module_check_a_mundo.o module_llxy.o dfi.o mediation_integrate.o mediation_interp_domain.o mediation_force_domain.o mediation_feedback_domain.o mediation_nest_move.o mediation_wrfmain.o solve_interface.o start_domain.o init_modules.o set_timekeeping.o interp_fcn.o sint.o input_wrf.o output_wrf.o wrf_timeseries.o wrf_ext_write_field.o wrf_ext_read_field.o wrf_bdyout.o wrf_fddaobs_in.o wrf_bdyin.o wrf_tsin.o landread.o setfeenv.o             ; \
                fi
/opt/local/bin/ranlib: file: ../main/libwrflib.a(module_comm_dm_4.o) has no symbols
make -i -r MODULE_DIRS="-I../dyn_em -I../dyn_nmm   -I/Users/guillaumesamson/WORK/CODES/WRF/DEBUG/WRFV331_branch/external/esmf_time_f90  -I/Users/guillaumesamson/WORK/CODES/WRF/DEBUG/WRFV331_branch/main -I/Users/guillaumesamson/WORK/CODES/WRF/DEBUG/WRFV331_branch/external/io_netcdf -I/Users/guillaumesamson/WORK/CODES/WRF/DEBUG/WRFV331_branch/external/io_int -I/Users/guillaumesamson/WORK/CODES/WRF/DEBUG/WRFV331_branch/frame -I/Users/guillaumesamson/WORK/CODES/WRF/DEBUG/WRFV331_branch/share -I/Users/guillaumesamson/WORK/CODES/WRF/DEBUG/WRFV331_branch/phys -I/Users/guillaumesamson/WORK/CODES/WRF/DEBUG/WRFV331_branch/chem -I/Users/guillaumesamson/WORK/CODES/WRF/DEBUG/WRFV331_branch/inc -I/opt/local//include " physics
--------------------------------------
( cd phys ; make -i -r  -j 2 )
if [ 0 -eq 1 ] ; then \
                  make -i -r nmm_contrib                                      ; \
                  ar ru ../main/libwrflib.a module_cam_shr_kind_mod.o module_cam_support.o module_cam_shr_const_mod.o module_cam_physconst.o module_cam_cldwat.o module_cam_wv_saturation.o module_cam_esinti.o module_cam_gffgch.o module_cam_error_function.o module_cam_constituents.o module_cam_trb_mtn_stress.o module_cam_molec_diff.o module_cam_upper_bc.o module_cam_bl_diffusion_solver.o module_cam_bl_eddy_diff.o module_bl_ysu.o module_bl_mrf.o module_bl_gfs.o module_bl_myjpbl.o module_bl_qnsepbl.o module_bl_acm.o module_bl_mynn.o module_bl_gwdo.o module_bl_myjurb.o module_bl_boulac.o module_bl_camuwpbl_driver.o module_cu_camuwshcu_driver.o module_cu_camuwshcu.o module_cu_camzm_driver.o module_cu_camzm.o module_bl_temf.o module_cu_g3.o module_cu_kf.o module_cu_bmj.o module_cu_kfeta.o module_cu_tiedtke.o module_cu_gd.o module_cu_nsas.o module_cu_sas.o module_cu_osas.o module_mp_kessler.o module_mp_lin.o module_mp_sbu_ylin.o module_mp_wsm3.o module_mp_wsm5.o module_mp_wsm6.o module_mp_etanew.o module_mp_HWRF.o module_mp_thompson.o module_mp_gsfcgce.o module_mp_morr_two_moment.o module_mp_milbrandt2mom.o module_mp_wdm5.o module_mp_wdm6.o module_ra_sw.o module_ra_gsfcsw.o module_ra_goddard.o module_ra_rrtm.o module_ra_rrtmg_lw.o module_ra_rrtmg_sw.o module_ra_cam_support.o module_ra_cam.o module_ra_gfdleta.o module_ra_HWRF.o module_ra_hs.o module_sf_sfclay.o module_sf_gfs.o module_sf_gfdl.o module_sf_slab.o module_sf_noahdrv.o module_sf_noahlsm.o module_sf_urban.o module_sf_bep.o module_sf_bep_bem.o module_sf_bem.o module_sf_pxlsm.o module_sf_ruclsm.o module_sf_sfcdiags.o module_sf_sfcdiags_ruclsm.o module_sf_sstskin.o module_sf_tmnupdate.o module_sf_oml.o module_sf_myjsfc.o module_sf_qnsesfc.o module_sf_mynn.o module_sf_pxsfclay.o module_sf_temfsfclay.o module_sf_idealscmsfclay.o module_physics_addtendc.o module_physics_init.o module_gfs_machine.o module_gfs_funcphys.o module_gfs_physcons.o module_progtm.o module_pbl_driver.o module_data_gocart_dust.o module_cumulus_driver.o module_shallowcu_driver.o module_microphysics_driver.o module_microphysics_zero_out.o module_mixactivate.o module_radiation_driver.o module_surface_driver.o module_diagnostics.o module_fdda_psufddagd.o module_fdda_spnudging.o module_fddagd_driver.o module_fddaobs_rtfdda.o module_fddaobs_driver.o module_wind_generic.o module_wind_fitch.o    ; \
                else                                                         \
                  make -i -r non_nmm                                          ; \
                  ar ru ../main/libwrflib.a module_cam_shr_kind_mod.o module_cam_support.o module_cam_shr_const_mod.o module_cam_physconst.o module_cam_cldwat.o module_cam_wv_saturation.o module_cam_esinti.o module_cam_gffgch.o module_cam_error_function.o module_cam_constituents.o module_cam_trb_mtn_stress.o module_cam_molec_diff.o module_cam_upper_bc.o module_cam_bl_diffusion_solver.o module_cam_bl_eddy_diff.o module_bl_ysu.o module_bl_mrf.o module_bl_gfs.o module_bl_myjpbl.o module_bl_qnsepbl.o module_bl_acm.o module_bl_mynn.o module_bl_gwdo.o module_bl_myjurb.o module_bl_boulac.o module_bl_camuwpbl_driver.o module_cu_camuwshcu_driver.o module_cu_camuwshcu.o module_cu_camzm_driver.o module_cu_camzm.o module_bl_temf.o module_cu_g3.o module_cu_kf.o module_cu_bmj.o module_cu_kfeta.o module_cu_tiedtke.o module_cu_gd.o module_cu_nsas.o module_cu_sas.o module_cu_osas.o module_mp_kessler.o module_mp_lin.o module_mp_sbu_ylin.o module_mp_wsm3.o module_mp_wsm5.o module_mp_wsm6.o module_mp_etanew.o module_mp_HWRF.o module_mp_thompson.o module_mp_gsfcgce.o module_mp_morr_two_moment.o module_mp_milbrandt2mom.o module_mp_wdm5.o module_mp_wdm6.o module_ra_sw.o module_ra_gsfcsw.o module_ra_goddard.o module_ra_rrtm.o module_ra_rrtmg_lw.o module_ra_rrtmg_sw.o module_ra_cam_support.o module_ra_cam.o module_ra_gfdleta.o module_ra_HWRF.o module_ra_hs.o module_sf_sfclay.o module_sf_gfs.o module_sf_gfdl.o module_sf_slab.o module_sf_noahdrv.o module_sf_noahlsm.o module_sf_urban.o module_sf_bep.o module_sf_bep_bem.o module_sf_bem.o module_sf_pxlsm.o module_sf_ruclsm.o module_sf_sfcdiags.o module_sf_sfcdiags_ruclsm.o module_sf_sstskin.o module_sf_tmnupdate.o module_sf_oml.o module_sf_myjsfc.o module_sf_qnsesfc.o module_sf_mynn.o module_sf_pxsfclay.o module_sf_temfsfclay.o module_sf_idealscmsfclay.o module_physics_addtendc.o module_physics_init.o module_gfs_machine.o module_gfs_funcphys.o module_gfs_physcons.o module_progtm.o module_pbl_driver.o module_data_gocart_dust.o module_cumulus_driver.o module_shallowcu_driver.o module_microphysics_driver.o module_microphysics_zero_out.o module_mixactivate.o module_radiation_driver.o module_surface_driver.o module_diagnostics.o module_fdda_psufddagd.o module_fdda_spnudging.o module_fddagd_driver.o module_fddaobs_rtfdda.o module_fddaobs_driver.o module_wind_generic.o module_wind_fitch.o module_fr_sfire_driver.o module_fr_sfire_driver_wrf.o module_fr_sfire_atm.o module_fr_sfire_model.o module_fr_sfire_core.o module_fr_sfire_phys.o module_fr_sfire_util.o              ; \
                fi
rm -f module_diagnostics.o
cpp -C -P -xassembler-with-cpp -I/Users/guillaumesamson/WORK/CODES/WRF/DEBUG/WRFV331_branch/inc -DEM_CORE=1 -DNMM_CORE=0 -DNMM_MAX_DIM=2600 -DCOAMPS_CORE=0 -DDA_CORE=0 -DEXP_CORE=0 -DIWORDSIZE=4 -DDWORDSIZE=8 -DRWORDSIZE=4 -DLWORDSIZE=4 -DNONSTANDARD_SYSTEM_SUBR -DMACOS  -DNETCDF -DUSE_ALLOCATABLES -DGRIB1 -DINTIO -DLIMIT_ARGS -DCONFIG_BUF_LEN=32768 -DMAX_DOMAINS_F=21 -DMAX_HISTORY=25 -DNMM_NEST=0  -I. -traditional   module_diagnostics.F  > module_diagnostics.bb
/Users/guillaumesamson/WORK/CODES/WRF/DEBUG/WRFV331_branch/tools/standard.exe module_diagnostics.bb | cpp -C -P -xassembler-with-cpp > module_diagnostics.f90
rm -f module_diagnostics.b module_diagnostics.bb
if fgrep -iq '!$OMP' module_diagnostics.f90 ; then \
          if [ -n "" ] ; then echo COMPILING module_diagnostics.F WITH OMP ; fi ; \
	  gfortran -o module_diagnostics.o -c -O3 -ftree-vectorize -funroll-loops  -w -ffree-form -ffree-line-length-none -fconvert=big-endian -frecord-marker=4   -I../dyn_em -I../dyn_nmm   -I/Users/guillaumesamson/WORK/CODES/WRF/DEBUG/WRFV331_branch/external/esmf_time_f90  -I/Users/guillaumesamson/WORK/CODES/WRF/DEBUG/WRFV331_branch/main -I/Users/guillaumesamson/WORK/CODES/WRF/DEBUG/WRFV331_branch/external/io_netcdf -I/Users/guillaumesamson/WORK/CODES/WRF/DEBUG/WRFV331_branch/external/io_int -I/Users/guillaumesamson/WORK/CODES/WRF/DEBUG/WRFV331_branch/frame -I/Users/guillaumesamson/WORK/CODES/WRF/DEBUG/WRFV331_branch/share -I/Users/guillaumesamson/WORK/CODES/WRF/DEBUG/WRFV331_branch/phys -I/Users/guillaumesamson/WORK/CODES/WRF/DEBUG/WRFV331_branch/chem -I/Users/guillaumesamson/WORK/CODES/WRF/DEBUG/WRFV331_branch/inc -I/opt/local//include    module_diagnostics.f90 ; \
        else \
          if [ -n "" ] ; then echo COMPILING module_diagnostics.F WITHOUT OMP ; fi ; \
	  gfortran -o module_diagnostics.o -c -O3 -ftree-vectorize -funroll-loops  -w -ffree-form -ffree-line-length-none -fconvert=big-endian -frecord-marker=4  -I../dyn_em -I../dyn_nmm   -I/Users/guillaumesamson/WORK/CODES/WRF/DEBUG/WRFV331_branch/external/esmf_time_f90  -I/Users/guillaumesamson/WORK/CODES/WRF/DEBUG/WRFV331_branch/main -I/Users/guillaumesamson/WORK/CODES/WRF/DEBUG/WRFV331_branch/external/io_netcdf -I/Users/guillaumesamson/WORK/CODES/WRF/DEBUG/WRFV331_branch/external/io_int -I/Users/guillaumesamson/WORK/CODES/WRF/DEBUG/WRFV331_branch/frame -I/Users/guillaumesamson/WORK/CODES/WRF/DEBUG/WRFV331_branch/share -I/Users/guillaumesamson/WORK/CODES/WRF/DEBUG/WRFV331_branch/phys -I/Users/guillaumesamson/WORK/CODES/WRF/DEBUG/WRFV331_branch/chem -I/Users/guillaumesamson/WORK/CODES/WRF/DEBUG/WRFV331_branch/inc -I/opt/local//include    module_diagnostics.f90 ; \
        fi
Warning: Nonexistent include directory "/Users/guillaumesamson/WORK/CODES/WRF/DEBUG/WRFV331_branch/chem"
/opt/local/bin/ranlib: file: ../main/libwrflib.a(module_comm_dm_4.o) has no symbols
/opt/local/bin/ranlib: file: ../main/libwrflib.a(module_cam_shr_kind_mod.o) has no symbols
/opt/local/bin/ranlib: file: ../main/libwrflib.a(module_cam_shr_const_mod.o) has no symbols
/opt/local/bin/ranlib: file: ../main/libwrflib.a(module_gfs_machine.o) has no symbols
/opt/local/bin/ranlib: file: ../main/libwrflib.a(module_gfs_physcons.o) has no symbols
if [ 0  -eq 1 ]    ; then make -i -r MODULE_DIRS="-I../dyn_em -I../dyn_nmm   -I/Users/guillaumesamson/WORK/CODES/WRF/DEBUG/WRFV331_branch/external/esmf_time_f90  -I/Users/guillaumesamson/WORK/CODES/WRF/DEBUG/WRFV331_branch/main -I/Users/guillaumesamson/WORK/CODES/WRF/DEBUG/WRFV331_branch/external/io_netcdf -I/Users/guillaumesamson/WORK/CODES/WRF/DEBUG/WRFV331_branch/external/io_int -I/Users/guillaumesamson/WORK/CODES/WRF/DEBUG/WRFV331_branch/frame -I/Users/guillaumesamson/WORK/CODES/WRF/DEBUG/WRFV331_branch/share -I/Users/guillaumesamson/WORK/CODES/WRF/DEBUG/WRFV331_branch/phys -I/Users/guillaumesamson/WORK/CODES/WRF/DEBUG/WRFV331_branch/chem -I/Users/guillaumesamson/WORK/CODES/WRF/DEBUG/WRFV331_branch/inc -I/opt/local//include " chemics ; fi
if [ 1 -eq 1 ]    ; then make -i -r MODULE_DIRS="-I../dyn_em -I../dyn_nmm   -I/Users/guillaumesamson/WORK/CODES/WRF/DEBUG/WRFV331_branch/external/esmf_time_f90  -I/Users/guillaumesamson/WORK/CODES/WRF/DEBUG/WRFV331_branch/main -I/Users/guillaumesamson/WORK/CODES/WRF/DEBUG/WRFV331_branch/external/io_netcdf -I/Users/guillaumesamson/WORK/CODES/WRF/DEBUG/WRFV331_branch/external/io_int -I/Users/guillaumesamson/WORK/CODES/WRF/DEBUG/WRFV331_branch/frame -I/Users/guillaumesamson/WORK/CODES/WRF/DEBUG/WRFV331_branch/share -I/Users/guillaumesamson/WORK/CODES/WRF/DEBUG/WRFV331_branch/phys -I/Users/guillaumesamson/WORK/CODES/WRF/DEBUG/WRFV331_branch/chem -I/Users/guillaumesamson/WORK/CODES/WRF/DEBUG/WRFV331_branch/inc -I/opt/local//include " em_core ; fi
--------------------------------------
if [ 0  -eq 0 ] ; then \
		CF= ; \
	else \
		CF=../chem/module_aerosols_sorgam.o ../chem/module_gocart_aerosols.o ../chem/module_mosaic_driver.o ../chem/module_input_tracer.o ; \
	fi
( cd dyn_em ; make -i -r -j 2 CF="" )
rm -f solve_em.o
cpp -C -P -xassembler-with-cpp -I/Users/guillaumesamson/WORK/CODES/WRF/DEBUG/WRFV331_branch/inc -DEM_CORE=1 -DNMM_CORE=0 -DNMM_MAX_DIM=2600 -DCOAMPS_CORE=0 -DDA_CORE=0 -DEXP_CORE=0 -DIWORDSIZE=4 -DDWORDSIZE=8 -DRWORDSIZE=4 -DLWORDSIZE=4 -DNONSTANDARD_SYSTEM_SUBR -DMACOS  -DNETCDF -DUSE_ALLOCATABLES -DGRIB1 -DINTIO -DLIMIT_ARGS -DCONFIG_BUF_LEN=32768 -DMAX_DOMAINS_F=21 -DMAX_HISTORY=25 -DNMM_NEST=0  -I. -traditional   solve_em.F  > solve_em.bb
/Users/guillaumesamson/WORK/CODES/WRF/DEBUG/WRFV331_branch/tools/standard.exe solve_em.bb | cpp -C -P -xassembler-with-cpp > solve_em.f90
rm -f solve_em.b solve_em.bb
if fgrep -iq '!$OMP' solve_em.f90 ; then \
          if [ -n "" ] ; then echo COMPILING solve_em.F WITH OMP ; fi ; \
	  gfortran -o solve_em.o -c -O3 -ftree-vectorize -funroll-loops  -w -ffree-form -ffree-line-length-none -fconvert=big-endian -frecord-marker=4   -I../dyn_em -I../dyn_nmm   -I/Users/guillaumesamson/WORK/CODES/WRF/DEBUG/WRFV331_branch/external/esmf_time_f90  -I/Users/guillaumesamson/WORK/CODES/WRF/DEBUG/WRFV331_branch/main -I/Users/guillaumesamson/WORK/CODES/WRF/DEBUG/WRFV331_branch/external/io_netcdf -I/Users/guillaumesamson/WORK/CODES/WRF/DEBUG/WRFV331_branch/external/io_int -I/Users/guillaumesamson/WORK/CODES/WRF/DEBUG/WRFV331_branch/frame -I/Users/guillaumesamson/WORK/CODES/WRF/DEBUG/WRFV331_branch/share -I/Users/guillaumesamson/WORK/CODES/WRF/DEBUG/WRFV331_branch/phys -I/Users/guillaumesamson/WORK/CODES/WRF/DEBUG/WRFV331_branch/chem -I/Users/guillaumesamson/WORK/CODES/WRF/DEBUG/WRFV331_branch/inc -I/opt/local//include    solve_em.f90 ; \
        else \
          if [ -n "" ] ; then echo COMPILING solve_em.F WITHOUT OMP ; fi ; \
	  gfortran -o solve_em.o -c -O3 -ftree-vectorize -funroll-loops  -w -ffree-form -ffree-line-length-none -fconvert=big-endian -frecord-marker=4  -I../dyn_em -I../dyn_nmm   -I/Users/guillaumesamson/WORK/CODES/WRF/DEBUG/WRFV331_branch/external/esmf_time_f90  -I/Users/guillaumesamson/WORK/CODES/WRF/DEBUG/WRFV331_branch/main -I/Users/guillaumesamson/WORK/CODES/WRF/DEBUG/WRFV331_branch/external/io_netcdf -I/Users/guillaumesamson/WORK/CODES/WRF/DEBUG/WRFV331_branch/external/io_int -I/Users/guillaumesamson/WORK/CODES/WRF/DEBUG/WRFV331_branch/frame -I/Users/guillaumesamson/WORK/CODES/WRF/DEBUG/WRFV331_branch/share -I/Users/guillaumesamson/WORK/CODES/WRF/DEBUG/WRFV331_branch/phys -I/Users/guillaumesamson/WORK/CODES/WRF/DEBUG/WRFV331_branch/chem -I/Users/guillaumesamson/WORK/CODES/WRF/DEBUG/WRFV331_branch/inc -I/opt/local//include    solve_em.f90 ; \
        fi
Warning: Nonexistent include directory "/Users/guillaumesamson/WORK/CODES/WRF/DEBUG/WRFV331_branch/chem"
ar ru ../main/libwrflib.a module_advect_em.o module_diffusion_em.o module_small_step_em.o module_big_step_utilities_em.o module_em.o module_solvedebug_em.o module_bc_em.o module_init_utilities.o module_damping_em.o module_polarfft.o module_force_scm.o module_first_rk_step_part1.o module_first_rk_step_part2.o module_avgflx_em.o module_sfs_nba.o module_convtrans_prep.o module_sfs_driver.o module_stoch.o  init_modules_em.o solve_em.o start_em.o shift_domain_em.o couple_or_uncouple_em.o nest_init_utils.o adapt_timestep_em.o interp_domain_em.o
/opt/local/bin/ranlib: file: ../main/libwrflib.a(module_comm_dm_4.o) has no symbols
/opt/local/bin/ranlib: file: ../main/libwrflib.a(module_cam_shr_kind_mod.o) has no symbols
/opt/local/bin/ranlib: file: ../main/libwrflib.a(module_cam_shr_const_mod.o) has no symbols
/opt/local/bin/ranlib: file: ../main/libwrflib.a(module_gfs_machine.o) has no symbols
/opt/local/bin/ranlib: file: ../main/libwrflib.a(module_gfs_physcons.o) has no symbols
if [ 0 -eq 1 ]   ; then make -i -r MODULE_DIRS="-I../dyn_em -I../dyn_nmm   -I/Users/guillaumesamson/WORK/CODES/WRF/DEBUG/WRFV331_branch/external/esmf_time_f90  -I/Users/guillaumesamson/WORK/CODES/WRF/DEBUG/WRFV331_branch/main -I/Users/guillaumesamson/WORK/CODES/WRF/DEBUG/WRFV331_branch/external/io_netcdf -I/Users/guillaumesamson/WORK/CODES/WRF/DEBUG/WRFV331_branch/external/io_int -I/Users/guillaumesamson/WORK/CODES/WRF/DEBUG/WRFV331_branch/frame -I/Users/guillaumesamson/WORK/CODES/WRF/DEBUG/WRFV331_branch/share -I/Users/guillaumesamson/WORK/CODES/WRF/DEBUG/WRFV331_branch/phys -I/Users/guillaumesamson/WORK/CODES/WRF/DEBUG/WRFV331_branch/chem -I/Users/guillaumesamson/WORK/CODES/WRF/DEBUG/WRFV331_branch/inc -I/opt/local//include " nmm_core ; fi
if [ 0 -eq 1 ]   ; then make -i -r MODULE_DIRS="-I../dyn_em -I../dyn_nmm   -I/Users/guillaumesamson/WORK/CODES/WRF/DEBUG/WRFV331_branch/external/esmf_time_f90  -I/Users/guillaumesamson/WORK/CODES/WRF/DEBUG/WRFV331_branch/main -I/Users/guillaumesamson/WORK/CODES/WRF/DEBUG/WRFV331_branch/external/io_netcdf -I/Users/guillaumesamson/WORK/CODES/WRF/DEBUG/WRFV331_branch/external/io_int -I/Users/guillaumesamson/WORK/CODES/WRF/DEBUG/WRFV331_branch/frame -I/Users/guillaumesamson/WORK/CODES/WRF/DEBUG/WRFV331_branch/share -I/Users/guillaumesamson/WORK/CODES/WRF/DEBUG/WRFV331_branch/phys -I/Users/guillaumesamson/WORK/CODES/WRF/DEBUG/WRFV331_branch/chem -I/Users/guillaumesamson/WORK/CODES/WRF/DEBUG/WRFV331_branch/inc -I/opt/local//include " exp_core ; fi
( cd main ; make -i -r MODULE_DIRS="-I../dyn_em -I../dyn_nmm   -I/Users/guillaumesamson/WORK/CODES/WRF/DEBUG/WRFV331_branch/external/esmf_time_f90  -I/Users/guillaumesamson/WORK/CODES/WRF/DEBUG/WRFV331_branch/main -I/Users/guillaumesamson/WORK/CODES/WRF/DEBUG/WRFV331_branch/external/io_netcdf -I/Users/guillaumesamson/WORK/CODES/WRF/DEBUG/WRFV331_branch/external/io_int -I/Users/guillaumesamson/WORK/CODES/WRF/DEBUG/WRFV331_branch/frame -I/Users/guillaumesamson/WORK/CODES/WRF/DEBUG/WRFV331_branch/share -I/Users/guillaumesamson/WORK/CODES/WRF/DEBUG/WRFV331_branch/phys -I/Users/guillaumesamson/WORK/CODES/WRF/DEBUG/WRFV331_branch/chem -I/Users/guillaumesamson/WORK/CODES/WRF/DEBUG/WRFV331_branch/inc -I/opt/local//include " SOLVER=em em_wrf )
ranlib libwrflib.a
ranlib: file: libwrflib.a(module_comm_dm_4.o) has no symbols
ranlib: file: libwrflib.a(module_cam_shr_kind_mod.o) has no symbols
ranlib: file: libwrflib.a(module_cam_shr_const_mod.o) has no symbols
ranlib: file: libwrflib.a(module_gfs_machine.o) has no symbols
ranlib: file: libwrflib.a(module_gfs_physcons.o) has no symbols
gfortran -o wrf.exe  -O3 -ftree-vectorize -funroll-loops  -w -ffree-form -ffree-line-length-none -fconvert=big-endian -frecord-marker=4    wrf.o ../main/module_wrf_top.o libwrflib.a /Users/guillaumesamson/WORK/CODES/WRF/DEBUG/WRFV331_branch/external/fftpack/fftpack5/libfftpack.a /Users/guillaumesamson/WORK/CODES/WRF/DEBUG/WRFV331_branch/external/io_grib1/libio_grib1.a /Users/guillaumesamson/WORK/CODES/WRF/DEBUG/WRFV331_branch/external/io_grib_share/libio_grib_share.a /Users/guillaumesamson/WORK/CODES/WRF/DEBUG/WRFV331_branch/external/io_int/libwrfio_int.a -L/Users/guillaumesamson/WORK/CODES/WRF/DEBUG/WRFV331_branch/external/esmf_time_f90 -lesmf_time /Users/guillaumesamson/WORK/CODES/WRF/DEBUG/WRFV331_branch/frame/module_internal_header_util.o /Users/guillaumesamson/WORK/CODES/WRF/DEBUG/WRFV331_branch/frame/pack_utils.o  -L/Users/guillaumesamson/WORK/CODES/WRF/DEBUG/WRFV331_branch/external/io_netcdf -lwrfio_nf -L/opt/local//lib -lnetcdff -lnetcdf     
( cd run ; /bin/rm -f wrf.exe ; ln -s ../main/wrf.exe . )
if [ 0 -eq 1 ] ; then \
	  ( cd main ; make -i -r MODULE_DIRS="-I../dyn_em -I../dyn_nmm   -I/Users/guillaumesamson/WORK/CODES/WRF/DEBUG/WRFV331_branch/external/esmf_time_f90  -I/Users/guillaumesamson/WORK/CODES/WRF/DEBUG/WRFV331_branch/main -I/Users/guillaumesamson/WORK/CODES/WRF/DEBUG/WRFV331_branch/external/io_netcdf -I/Users/guillaumesamson/WORK/CODES/WRF/DEBUG/WRFV331_branch/external/io_int -I/Users/guillaumesamson/WORK/CODES/WRF/DEBUG/WRFV331_branch/frame -I/Users/guillaumesamson/WORK/CODES/WRF/DEBUG/WRFV331_branch/share -I/Users/guillaumesamson/WORK/CODES/WRF/DEBUG/WRFV331_branch/phys -I/Users/guillaumesamson/WORK/CODES/WRF/DEBUG/WRFV331_branch/chem -I/Users/guillaumesamson/WORK/CODES/WRF/DEBUG/WRFV331_branch/inc -I/opt/local//include " SOLVER=em em_wrf_SST_ESMF ) ; \
	fi
build started:   Mer  6 ao没 2014 14:57:31 CEST
build completed: Mer 6 ao没 2014 14:57:42 CEST
--------------------------------------
( cd main ; make -i -r MODULE_DIRS="-I../dyn_em -I../dyn_nmm   -I/Users/guillaumesamson/WORK/CODES/WRF/DEBUG/WRFV331_branch/external/esmf_time_f90  -I/Users/guillaumesamson/WORK/CODES/WRF/DEBUG/WRFV331_branch/main -I/Users/guillaumesamson/WORK/CODES/WRF/DEBUG/WRFV331_branch/external/io_netcdf -I/Users/guillaumesamson/WORK/CODES/WRF/DEBUG/WRFV331_branch/external/io_int -I/Users/guillaumesamson/WORK/CODES/WRF/DEBUG/WRFV331_branch/frame -I/Users/guillaumesamson/WORK/CODES/WRF/DEBUG/WRFV331_branch/share -I/Users/guillaumesamson/WORK/CODES/WRF/DEBUG/WRFV331_branch/phys -I/Users/guillaumesamson/WORK/CODES/WRF/DEBUG/WRFV331_branch/chem -I/Users/guillaumesamson/WORK/CODES/WRF/DEBUG/WRFV331_branch/inc -I/opt/local//include " SOLVER=em IDEAL_CASE=real em_real )
( cd ../dyn_em ;  make -i -r module_initialize_real.o )
make[2]: `module_initialize_real.o' is up to date.
ranlib libwrflib.a
ranlib: file: libwrflib.a(module_comm_dm_4.o) has no symbols
ranlib: file: libwrflib.a(module_cam_shr_kind_mod.o) has no symbols
ranlib: file: libwrflib.a(module_cam_shr_const_mod.o) has no symbols
ranlib: file: libwrflib.a(module_gfs_machine.o) has no symbols
ranlib: file: libwrflib.a(module_gfs_physcons.o) has no symbols
gfortran -o real.exe  -O3 -ftree-vectorize -funroll-loops  -w -ffree-form -ffree-line-length-none -fconvert=big-endian -frecord-marker=4    real_em.o ../dyn_em/module_initialize_real.o libwrflib.a /Users/guillaumesamson/WORK/CODES/WRF/DEBUG/WRFV331_branch/external/fftpack/fftpack5/libfftpack.a /Users/guillaumesamson/WORK/CODES/WRF/DEBUG/WRFV331_branch/external/io_grib1/libio_grib1.a /Users/guillaumesamson/WORK/CODES/WRF/DEBUG/WRFV331_branch/external/io_grib_share/libio_grib_share.a /Users/guillaumesamson/WORK/CODES/WRF/DEBUG/WRFV331_branch/external/io_int/libwrfio_int.a -L/Users/guillaumesamson/WORK/CODES/WRF/DEBUG/WRFV331_branch/external/esmf_time_f90 -lesmf_time /Users/guillaumesamson/WORK/CODES/WRF/DEBUG/WRFV331_branch/frame/module_internal_header_util.o /Users/guillaumesamson/WORK/CODES/WRF/DEBUG/WRFV331_branch/frame/pack_utils.o  -L/Users/guillaumesamson/WORK/CODES/WRF/DEBUG/WRFV331_branch/external/io_netcdf -lwrfio_nf -L/opt/local//lib -lnetcdff -lnetcdf     
gfortran -o ndown.exe  -O3 -ftree-vectorize -funroll-loops  -w -ffree-form -ffree-line-length-none -fconvert=big-endian -frecord-marker=4    ndown_em.o  ../dyn_em/module_initialize_real.o libwrflib.a /Users/guillaumesamson/WORK/CODES/WRF/DEBUG/WRFV331_branch/external/fftpack/fftpack5/libfftpack.a /Users/guillaumesamson/WORK/CODES/WRF/DEBUG/WRFV331_branch/external/io_grib1/libio_grib1.a /Users/guillaumesamson/WORK/CODES/WRF/DEBUG/WRFV331_branch/external/io_grib_share/libio_grib_share.a /Users/guillaumesamson/WORK/CODES/WRF/DEBUG/WRFV331_branch/external/io_int/libwrfio_int.a -L/Users/guillaumesamson/WORK/CODES/WRF/DEBUG/WRFV331_branch/external/esmf_time_f90 -lesmf_time /Users/guillaumesamson/WORK/CODES/WRF/DEBUG/WRFV331_branch/frame/module_internal_header_util.o /Users/guillaumesamson/WORK/CODES/WRF/DEBUG/WRFV331_branch/frame/pack_utils.o  -L/Users/guillaumesamson/WORK/CODES/WRF/DEBUG/WRFV331_branch/external/io_netcdf -lwrfio_nf -L/opt/local//lib -lnetcdff -lnetcdf     
gfortran -o nup.exe  -O3 -ftree-vectorize -funroll-loops  -w -ffree-form -ffree-line-length-none -fconvert=big-endian -frecord-marker=4    nup_em.o  ../dyn_em/module_initialize_real.o libwrflib.a /Users/guillaumesamson/WORK/CODES/WRF/DEBUG/WRFV331_branch/external/fftpack/fftpack5/libfftpack.a /Users/guillaumesamson/WORK/CODES/WRF/DEBUG/WRFV331_branch/external/io_grib1/libio_grib1.a /Users/guillaumesamson/WORK/CODES/WRF/DEBUG/WRFV331_branch/external/io_grib_share/libio_grib_share.a /Users/guillaumesamson/WORK/CODES/WRF/DEBUG/WRFV331_branch/external/io_int/libwrfio_int.a -L/Users/guillaumesamson/WORK/CODES/WRF/DEBUG/WRFV331_branch/external/esmf_time_f90 -lesmf_time /Users/guillaumesamson/WORK/CODES/WRF/DEBUG/WRFV331_branch/frame/module_internal_header_util.o /Users/guillaumesamson/WORK/CODES/WRF/DEBUG/WRFV331_branch/frame/pack_utils.o  -L/Users/guillaumesamson/WORK/CODES/WRF/DEBUG/WRFV331_branch/external/io_netcdf -lwrfio_nf -L/opt/local//lib -lnetcdff -lnetcdf     
gfortran -o tc.exe  -O3 -ftree-vectorize -funroll-loops  -w -ffree-form -ffree-line-length-none -fconvert=big-endian -frecord-marker=4    tc_em.o  ../dyn_em/module_initialize_real.o libwrflib.a /Users/guillaumesamson/WORK/CODES/WRF/DEBUG/WRFV331_branch/external/fftpack/fftpack5/libfftpack.a /Users/guillaumesamson/WORK/CODES/WRF/DEBUG/WRFV331_branch/external/io_grib1/libio_grib1.a /Users/guillaumesamson/WORK/CODES/WRF/DEBUG/WRFV331_branch/external/io_grib_share/libio_grib_share.a /Users/guillaumesamson/WORK/CODES/WRF/DEBUG/WRFV331_branch/external/io_int/libwrfio_int.a -L/Users/guillaumesamson/WORK/CODES/WRF/DEBUG/WRFV331_branch/external/esmf_time_f90 -lesmf_time /Users/guillaumesamson/WORK/CODES/WRF/DEBUG/WRFV331_branch/frame/module_internal_header_util.o /Users/guillaumesamson/WORK/CODES/WRF/DEBUG/WRFV331_branch/frame/pack_utils.o  -L/Users/guillaumesamson/WORK/CODES/WRF/DEBUG/WRFV331_branch/external/io_netcdf -lwrfio_nf -L/opt/local//lib -lnetcdff -lnetcdf     
( cd test/em_real ; /bin/rm -f wrf.exe ; ln -s ../../main/wrf.exe . )
if [ 0 -eq 1 ] ; then \
	  ( cd main ; make -i -r MODULE_DIRS="-I../dyn_em -I../dyn_nmm   -I/Users/guillaumesamson/WORK/CODES/WRF/DEBUG/WRFV331_branch/external/esmf_time_f90  -I/Users/guillaumesamson/WORK/CODES/WRF/DEBUG/WRFV331_branch/main -I/Users/guillaumesamson/WORK/CODES/WRF/DEBUG/WRFV331_branch/external/io_netcdf -I/Users/guillaumesamson/WORK/CODES/WRF/DEBUG/WRFV331_branch/external/io_int -I/Users/guillaumesamson/WORK/CODES/WRF/DEBUG/WRFV331_branch/frame -I/Users/guillaumesamson/WORK/CODES/WRF/DEBUG/WRFV331_branch/share -I/Users/guillaumesamson/WORK/CODES/WRF/DEBUG/WRFV331_branch/phys -I/Users/guillaumesamson/WORK/CODES/WRF/DEBUG/WRFV331_branch/chem -I/Users/guillaumesamson/WORK/CODES/WRF/DEBUG/WRFV331_branch/inc -I/opt/local//include " SOLVER=em IDEAL_CASE=real em_wrf_SST_ESMF ) ; \
	  ( cd test/em_esmf_exp ; /bin/rm -f wrf.exe ; ln -s ../../main/wrf.exe . ) ; \
	  ( cd test/em_esmf_exp ; /bin/rm -f wrf_SST_ESMF.exe ; ln -s ../../main/wrf_SST_ESMF.exe . ) ; \
	  ( cd test/em_esmf_exp ; /bin/rm -f real.exe ; ln -s ../../main/real.exe . ) ; \
	  ( cd test/em_esmf_exp ; /bin/rm -f README.namelist ; ln -s ../../run/README.namelist . ) ; \
	  ( cd test/em_esmf_exp ; /bin/rm -f ETAMPNEW_DATA RRTM_DATA RRTMG_LW_DATA RRTMG_SW_DATA ; \
               ln -sf ../../run/ETAMPNEW_DATA . ;                      \
               ln -sf ../../run/RRTM_DATA . ;                          \
               ln -sf ../../run/RRTMG_LW_DATA . ;                      \
               ln -sf ../../run/RRTMG_SW_DATA . ;                      \
               ln -sf ../../run/CAM_ABS_DATA . ;                       \
               ln -sf ../../run/CAM_AEROPT_DATA . ;                    \
               ln -sf ../../run/ozone.formatted . ;                    \
               ln -sf ../../run/ozone_lat.formatted . ;                \
               ln -sf ../../run/ozone_plev.formatted . ;               \
               if [ 4 -eq 8 ] ; then                        \
                  ln -sf ../../run/ETAMPNEW_DATA_DBL ETAMPNEW_DATA ;   \
                  ln -sf ../../run/RRTM_DATA_DBL RRTM_DATA         ;   \
                  ln -sf ../../run/RRTMG_LW_DATA_DBL RRTMG_LW_DATA ;   \
                  ln -sf ../../run/RRTMG_SW_DATA_DBL RRTMG_SW_DATA ;   \
               fi ) ; \
	  ( cd test/em_esmf_exp ; /bin/rm -f GENPARM.TBL ; ln -s ../../run/GENPARM.TBL . ) ; \
	  ( cd test/em_esmf_exp ; /bin/rm -f LANDUSE.TBL ; ln -s ../../run/LANDUSE.TBL . ) ; \
	  ( cd test/em_esmf_exp ; /bin/rm -f SOILPARM.TBL ; ln -s ../../run/SOILPARM.TBL . ) ; \
	  ( cd test/em_esmf_exp ; /bin/rm -f URBPARM.TBL ; ln -s ../../run/URBPARM.TBL . ) ; \
	  ( cd test/em_esmf_exp ; /bin/rm -f VEGPARM.TBL ; ln -s ../../run/VEGPARM.TBL . ) ; \
	  ( cd test/em_esmf_exp ; /bin/rm -f tr49t67 ; ln -s ../../run/tr49t67 . ) ; \
	  ( cd test/em_esmf_exp ; /bin/rm -f tr49t85 ; ln -s ../../run/tr49t85 . ) ; \
	  ( cd test/em_esmf_exp ; /bin/rm -f tr67t85 ; ln -s ../../run/tr67t85 . ) ; \
	  ( cd test/em_esmf_exp ; /bin/rm -f gribmap.txt ; ln -s ../../run/gribmap.txt . ) ; \
	  ( cd test/em_esmf_exp ; /bin/rm -f grib2map.tbl ; ln -s ../../run/grib2map.tbl . ) ; \
	fi
( cd test/em_real ; /bin/rm -f real.exe ; ln -s ../../main/real.exe . )
( cd test/em_real ; /bin/rm -f tc.exe ; ln -s ../../main/tc.exe . )
( cd test/em_real ; /bin/rm -f ndown.exe ; ln -s ../../main/ndown.exe . )
( cd test/em_real ; /bin/rm -f nup.exe ; ln -s ../../main/nup.exe . )
( cd test/em_real ; /bin/rm -f README.namelist ; ln -s ../../run/README.namelist . )
( cd test/em_real ; /bin/rm -f ETAMPNEW_DATA RRTM_DATA RRTMG_LW_DATA RRTMG_SW_DATA ;    \
             ln -sf ../../run/ETAMPNEW_DATA . ;                     \
             ln -sf ../../run/RRTM_DATA . ;                         \
             ln -sf ../../run/RRTMG_LW_DATA . ;                      \
             ln -sf ../../run/RRTMG_SW_DATA . ;                      \
             ln -sf ../../run/CAM_ABS_DATA . ;                         \
             ln -sf ../../run/CAM_AEROPT_DATA . ;                         \
             ln -sf ../../run/ozone.formatted . ;                         \
             ln -sf ../../run/ozone_lat.formatted . ;                         \
             ln -sf ../../run/ozone_plev.formatted . ;                         \
             if [ 4 -eq 8 ] ; then                       \
                ln -sf ../../run/ETAMPNEW_DATA_DBL ETAMPNEW_DATA ;  \
                ln -sf ../../run/RRTM_DATA_DBL RRTM_DATA ;          \
                ln -sf ../../run/RRTMG_LW_DATA_DBL RRTMG_LW_DATA ;  \
                ln -sf ../../run/RRTMG_SW_DATA_DBL RRTMG_SW_DATA ;  \
             fi )
( cd test/em_real ; /bin/rm -f GENPARM.TBL ; ln -s ../../run/GENPARM.TBL . )
( cd test/em_real ; /bin/rm -f LANDUSE.TBL ; ln -s ../../run/LANDUSE.TBL . )
( cd test/em_real ; /bin/rm -f SOILPARM.TBL ; ln -s ../../run/SOILPARM.TBL . )
( cd test/em_real ; /bin/rm -f URBPARM.TBL ; ln -s ../../run/URBPARM.TBL . )
( cd test/em_real ; /bin/rm -f VEGPARM.TBL ; ln -s ../../run/VEGPARM.TBL . )
( cd test/em_real ; /bin/rm -f tr49t67 ; ln -s ../../run/tr49t67 . )
( cd test/em_real ; /bin/rm -f tr49t85 ; ln -s ../../run/tr49t85 . )
( cd test/em_real ; /bin/rm -f tr67t85 ; ln -s ../../run/tr67t85 . )
( cd test/em_real ; /bin/rm -f gribmap.txt ; ln -s ../../run/gribmap.txt . )
( cd test/em_real ; /bin/rm -f grib2map.tbl ; ln -s ../../run/grib2map.tbl . )
( cd run ; /bin/rm -f real.exe ; ln -s ../main/real.exe . )
( cd run ; /bin/rm -f tc.exe ; ln -s ../main/tc.exe . )
( cd run ; /bin/rm -f ndown.exe ; ln -s ../main/ndown.exe . )
( cd run ; /bin/rm -f nup.exe ; ln -s ../main/nup.exe . )
( cd run ; if test -f namelist.input ; then \
		/bin/cp -f namelist.input namelist.input.backup ; fi ; \
		/bin/rm -f namelist.input ; ln -s ../test/em_real/namelist.input . )
build started:   Mer  6 ao没 2014 14:57:31 CEST
build completed: Mer 6 ao没 2014 14:57:43 CEST
